<?xml version="1.0" encoding="UTF-8"?>
<!-- Generated by org.testng.reporters.JUnitReportReporter -->
<testsuite hostname="C14092" failures="0" tests="1" name="tests.EndToEndDemoTest" time="78.109" errors="0" timestamp="2025-09-10T14:19:42 IST" skipped="0">
  <testcase classname="tests.EndToEndDemoTest" name="fullE2ETest" time="78.109"/>
</testsuite> <!-- tests.EndToEndDemoTest -->
